1.307
1.301
1.301
1.301
1.301
1.301
1.301
1.301
1.301
1.301
1.301
1.301
1.301
1.301
1.301
1.301
1.301
1.301
1.301
1.301
1.301
1.301
1.301
1.301
1.301
1.301
1.301
1.301
1.301
1.301
1.301
1.301
1.301
1.301
1.301
1.301
1.301
1.301
1.301
1.301
1.301
1.301
1.301
1.301
1.301
1.301
1.301
1.301
1.301
1.301
1.301
1.301
1.301
1.301
1.301
1.301
1.301
1.301
1.301
1.301
1.301
1.301
1.301
1.301
1.301
1.301
1.301
1.301
1.301
1.301
1.301
1.301
1.301
1.314
1.301
1.301
1.301
1.301
1.301
1.301
1.301
1.301
1.301
1.301
1.301
1.301
1.301
1.301
1.301
1.301
1.300
1.301
1.301
1.301
1.301
1.301
1.301
1.301
1.301
1.301
