0.800
0.804
0.800
0.800
0.800
0.800
0.800
0.800
0.800
0.800
0.807
0.800
0.800
0.800
0.800
0.800
0.800
0.809
0.800
0.800
0.800
0.800
0.800
0.805
0.800
0.800
0.803
0.800
0.800
0.801
0.800
0.800
0.805
0.800
0.800
0.800
0.800
0.800
0.804
0.800
0.800
0.800
0.800
0.800
0.804
0.800
0.800
0.800
0.800
0.800
0.801
0.800
0.800
0.800
0.800
0.800
0.800
0.800
0.800
0.800
0.802
0.800
0.800
0.806
0.800
0.800
0.800
0.800
0.800
0.800
0.802
0.802
0.800
0.800
0.800
0.800
0.801
0.800
0.800
0.800
0.801
0.800
0.808
0.801
0.800
0.802
0.802
0.800
0.802
0.800
0.800
0.802
0.800
0.800
0.803
0.800
0.800
0.800
0.800
0.800
