7.244
7.222
7.239
7.248
7.237
7.236
7.232
7.235
7.235
7.234
7.226
7.221
7.247
7.231
7.239
7.232
7.238
7.244
7.223
7.220
7.238
7.220
7.220
7.220
7.220
7.220
7.226
7.220
7.220
7.220
7.231
7.224
7.220
7.223
7.220
7.219
7.223
7.220
7.219
7.223
7.220
7.220
7.223
7.220
7.220
7.223
7.220
7.220
7.223
7.220
7.220
7.223
7.220
7.220
7.223
7.220
7.220
7.223
7.220
7.220
7.223
7.220
7.220
7.223
7.222
7.220
7.223
7.233
7.220
7.223
7.233
7.220
7.220
7.219
7.220
7.220
7.219
7.220
7.220
7.220
7.220
7.220
7.231
7.231
7.231
7.219
7.220
7.220
7.219
7.220
7.220
7.220
7.220
7.219
7.232
7.231
7.231
7.231
7.231
7.221
