0.800
4.300
4.400
4.199
4.100
4.300
0.900
4.400
4.400
4.200
4.399
4.300
1.900
4.299
4.199
4.200
4.300
4.199
3.800
4.399
4.199
4.399
4.300
4.199
1.099
4.400
4.200
4.399
4.200
4.100
3.000
4.199
4.200
4.200
4.399
4.400
2.399
4.400
4.299
4.400
4.399
4.199
2.599
4.300
4.400
4.399
4.399
4.200
2.799
4.300
4.300
4.399
4.200
4.300
2.700
4.100
4.400
4.300
4.400
1.600
1.500
2.400
4.399
4.399
4.299
4.300
4.199
2.300
4.399
4.400
4.199
4.300
3.499
4.300
4.300
4.399
4.199
4.399
4.400
0.800
4.300
4.300
4.399
4.200
4.300
2.600
4.200
4.299
4.199
4.299
4.300
3.000
4.399
4.299
4.299
4.399
4.399
1.700
4.400
4.400
