5.000
9.500
9.500
9.399
9.300
9.500
3.299
9.600
9.500
9.300
9.599
9.499
4.400
9.500
9.300
9.399
9.600
9.399
6.600
9.499
9.399
9.699
9.400
9.399
3.499
9.500
9.300
9.499
9.400
9.299
5.800
9.399
9.400
9.300
9.599
9.500
4.799
9.600
9.499
9.500
9.500
9.499
5.299
9.500
9.500
9.499
9.500
9.399
5.499
9.500
9.500
9.499
9.400
9.500
5.399
9.300
9.599
9.500
9.500
7.399
7.200
7.800
9.500
9.599
9.499
9.400
8.299
7.700
9.599
9.500
9.399
9.500
6.299
9.500
9.500
9.499
9.299
9.499
7.499
4.999
9.500
9.500
9.599
9.400
9.499
4.999
9.300
9.399
9.399
9.499
9.400
5.899
9.600
9.499
9.500
9.600
9.599
4.100
9.500
9.599
