5.000
9.599
9.500
8.900
8.499
8.299
5.799
8.800
8.200
8.299
7.799
7.500
7.199
5.900
6.799
9.500
9.300
8.799
8.300
8.200
4.299
8.800
8.199
8.199
8.000
7.699
7.199
7.200
3.500
9.500
9.500
8.899
8.500
8.500
6.199
9.600
9.499
9.100
8.599
8.399
8.100
2.700
9.500
9.799
9.100
8.299
8.099
8.400
2.700
9.500
9.400
9.200
8.499
8.299
7.900
9.599
9.599
9.100
8.499
8.200
8.300
2.799
9.499
8.800
7.550
7.399
7.400
7.399
6.699
6.400
7.099
7.500
7.299
7.400
7.599
7.500
7.400
2.699
6.700
7.100
7.399
7.400
7.700
7.599
7.400
4.200
7.499
7.500
7.399
7.499
7.300
7.199
7.100
5.099
7.500
7.399
7.400
7.299
7.199
7.199
