62.700
64.299
61.700
65.500
62.300
61.899
63.800
63.499
61.699
65.900
67.400
65.899
66.300
63.099
44.700
44.699
44.700
44.700
44.700
44.699
44.700
44.700
44.650
44.699
44.700
44.700
44.699
44.700
44.699
44.700
44.700
44.700
44.699
44.700
44.699
44.700
44.700
44.699
44.700
44.699
44.700
44.800
44.700
44.699
44.700
44.699
44.700
44.700
44.650
44.699
44.700
44.699
44.700
44.700
44.799
44.700
44.700
44.700
44.699
44.700
44.699
44.699
44.700
44.700
44.699
44.700
45.000
44.700
44.699
44.700
44.799
44.700
44.699
44.699
44.750
44.700
44.699
44.699
44.700
44.700
44.700
44.699
44.700
44.699
44.699
44.700
44.699
44.650
44.600
44.700
44.699
44.700
44.600
44.799
44.699
44.699
44.700
44.699
44.700
44.700
