61.700
60.800
60.899
60.899
59.800
59.899
60.899
60.899
59.900
62.700
61.000
58.800
62.700
61.699
60.800
60.999
52.399
44.700
44.699
44.600
44.700
44.649
44.699
44.699
44.700
44.699
44.700
44.699
44.800
44.700
44.700
44.600
44.699
44.700
44.700
44.700
44.700
44.700
44.700
44.699
44.700
44.700
44.699
44.699
44.699
44.700
44.699
44.699
44.700
44.700
44.699
44.700
44.699
44.700
44.699
44.700
44.699
44.699
44.700
44.699
44.700
44.699
44.700
44.699
44.700
44.700
44.999
44.700
44.699
44.699
44.700
44.699
44.700
44.699
44.650
44.699
44.700
44.699
44.700
44.799
44.700
44.700
44.699
44.700
44.600
44.699
44.700
44.700
44.699
44.700
44.700
44.699
44.699
44.800
44.699
44.700
44.699
44.600
44.699
44.700
