0.800
4.399
3.900
3.599
3.299
2.699
1.899
3.300
2.799
2.799
2.099
1.899
1.499
1.500
0.800
4.200
3.699
3.399
3.100
2.799
1.499
3.400
2.699
2.399
2.399
1.999
1.599
1.500
0.800
4.299
3.999
3.399
3.000
2.999
2.099
4.399
3.899
3.799
3.399
2.799
2.199
0.800
4.299
4.199
3.699
3.099
2.599
2.500
0.800
4.299
4.199
3.899
3.099
2.899
2.799
4.399
4.199
3.699
2.999
2.899
2.699
0.800
4.100
3.500
1.549
1.499
1.399
1.499
1.500
1.000
1.399
1.600
1.399
1.499
1.599
1.499
1.499
0.800
1.199
1.399
1.499
1.499
1.599
1.599
1.499
1.401
1.499
1.599
1.499
1.599
1.500
1.499
1.499
1.499
1.499
1.499
1.499
1.499
1.499
1.499
