0.801
1.199
0.800
1.199
1.599
0.800
2.000
2.099
0.800
2.000
0.800
1.799
1.000
1.099
0.800
0.800
0.800
0.800
0.800
0.800
0.800
0.800
0.800
0.800
0.800
0.800
0.800
0.800
0.800
0.800
0.800
0.800
0.800
0.800
0.800
0.800
0.800
0.800
0.800
0.800
0.800
0.800
0.800
0.800
0.800
0.800
0.800
0.800
0.800
0.800
0.800
0.800
0.800
0.800
0.800
0.800
0.800
0.800
0.800
0.800
0.800
0.800
0.800
0.800
0.800
0.800
0.800
0.800
0.800
0.800
0.800
0.800
0.800
0.800
0.800
0.800
0.800
0.800
0.800
0.800
0.800
0.800
0.800
0.800
0.800
0.800
0.800
0.800
0.800
0.800
0.800
0.800
0.800
0.800
0.800
0.800
0.800
0.800
0.800
0.800
